  Ingame.cpp
c:\users\태균\desktop\2018-2\computer_graphics\computer_graphics\projects\숙제 2\picnicrobot\picnicrobot\ingame.cpp(30): warning C4326: 'main'의 반환 형식이 'int'이어야 하는데 'void'입니다.
c:\users\태균\desktop\2018-2\computer_graphics\computer_graphics\projects\숙제 2\picnicrobot\picnicrobot\ingame.cpp(38): warning C4244: '인수': 'int'에서 'float'(으)로 변환하면서 데이터가 손실될 수 있습니다.
c:\users\태균\desktop\2018-2\computer_graphics\computer_graphics\projects\숙제 2\picnicrobot\picnicrobot\ingame.cpp(45): warning C4244: '=': 'int'에서 'float'(으)로 변환하면서 데이터가 손실될 수 있습니다.
c:\users\태균\desktop\2018-2\computer_graphics\computer_graphics\projects\숙제 2\picnicrobot\picnicrobot\ingame.cpp(46): warning C4244: '=': 'int'에서 'float'(으)로 변환하면서 데이터가 손실될 수 있습니다.
c:\users\태균\desktop\2018-2\computer_graphics\computer_graphics\projects\숙제 2\picnicrobot\picnicrobot\ingame.cpp(147): warning C4244: '=': 'int'에서 'float'(으)로 변환하면서 데이터가 손실될 수 있습니다.
c:\users\태균\desktop\2018-2\computer_graphics\computer_graphics\projects\숙제 2\picnicrobot\picnicrobot\ingame.cpp(148): warning C4244: '=': 'int'에서 'float'(으)로 변환하면서 데이터가 손실될 수 있습니다.
c:\users\태균\desktop\2018-2\computer_graphics\computer_graphics\projects\숙제 2\picnicrobot\picnicrobot\ingame.cpp(184): warning C4244: '=': 'int'에서 'float'(으)로 변환하면서 데이터가 손실될 수 있습니다.
c:\users\태균\desktop\2018-2\computer_graphics\computer_graphics\projects\숙제 2\picnicrobot\picnicrobot\ingame.cpp(185): warning C4244: '=': 'int'에서 'float'(으)로 변환하면서 데이터가 손실될 수 있습니다.
c:\users\태균\desktop\2018-2\computer_graphics\computer_graphics\projects\숙제 2\picnicrobot\picnicrobot\ingame.cpp(294): warning C4244: '초기화 중': 'float'에서 'int'(으)로 변환하면서 데이터가 손실될 수 있습니다.
c:\users\태균\desktop\2018-2\computer_graphics\computer_graphics\projects\숙제 2\picnicrobot\picnicrobot\ingame.cpp(299): warning C4244: '+=': 'double'에서 'float'(으)로 변환하면서 데이터가 손실될 수 있습니다.
c:\users\태균\desktop\2018-2\computer_graphics\computer_graphics\projects\숙제 2\picnicrobot\picnicrobot\ingame.cpp(303): warning C4244: '-=': 'double'에서 'float'(으)로 변환하면서 데이터가 손실될 수 있습니다.
c:\users\태균\desktop\2018-2\computer_graphics\computer_graphics\projects\숙제 2\picnicrobot\picnicrobot\ingame.cpp(316): warning C4244: '=': 'int'에서 'float'(으)로 변환하면서 데이터가 손실될 수 있습니다.
c:\users\태균\desktop\2018-2\computer_graphics\computer_graphics\projects\숙제 2\picnicrobot\picnicrobot\ingame.cpp(322): warning C4244: '+=': 'double'에서 'float'(으)로 변환하면서 데이터가 손실될 수 있습니다.
c:\users\태균\desktop\2018-2\computer_graphics\computer_graphics\projects\숙제 2\picnicrobot\picnicrobot\ingame.cpp(323): warning C4244: '+=': 'double'에서 'float'(으)로 변환하면서 데이터가 손실될 수 있습니다.
c:\users\태균\desktop\2018-2\computer_graphics\computer_graphics\projects\숙제 2\picnicrobot\picnicrobot\ingame.cpp(546): warning C4244: '인수': 'float'에서 'GLint'(으)로 변환하면서 데이터가 손실될 수 있습니다.
c:\users\태균\desktop\2018-2\computer_graphics\computer_graphics\projects\숙제 2\picnicrobot\picnicrobot\ingame.cpp(560): warning C4244: '인수': 'float'에서 'GLint'(으)로 변환하면서 데이터가 손실될 수 있습니다.
c:\users\태균\desktop\2018-2\computer_graphics\computer_graphics\projects\숙제 2\picnicrobot\picnicrobot\ingame.cpp(574): warning C4244: '인수': 'float'에서 'GLint'(으)로 변환하면서 데이터가 손실될 수 있습니다.
c:\users\태균\desktop\2018-2\computer_graphics\computer_graphics\projects\숙제 2\picnicrobot\picnicrobot\ingame.cpp(674): warning C4244: '초기화 중': 'double'에서 'float'(으)로 변환하면서 데이터가 손실될 수 있습니다.
c:\users\태균\desktop\2018-2\computer_graphics\computer_graphics\projects\숙제 2\picnicrobot\picnicrobot\ingame.cpp(679): warning C4244: '초기화 중': 'double'에서 'float'(으)로 변환하면서 데이터가 손실될 수 있습니다.
c:\users\태균\desktop\2018-2\computer_graphics\computer_graphics\projects\숙제 2\picnicrobot\picnicrobot\ingame.cpp(688): warning C4244: '초기화 중': 'double'에서 'float'(으)로 변환하면서 데이터가 손실될 수 있습니다.
c:\users\태균\desktop\2018-2\computer_graphics\computer_graphics\projects\숙제 2\picnicrobot\picnicrobot\ingame.cpp(689): warning C4244: '초기화 중': 'double'에서 'float'(으)로 변환하면서 데이터가 손실될 수 있습니다.
  코드를 생성하고 있습니다.
  2 of 53 functions ( 3.8%) were compiled, the rest were copied from previous compilation.
    0 functions were new in current compilation
    0 functions had inline decision re-evaluated but remain unchanged
  코드를 생성했습니다.
  PicnicRobot.vcxproj -> C:\Users\태균\Desktop\2018-2\Computer_graphics\Computer_Graphics\Projects\숙제 2\PicnicRobot\Release\PicnicRobot.exe
